<?xml version="1.0" encoding="UTF-8"?>
<!-- Generated by org.testng.reporters.JUnitReportReporter -->
<testsuite hostname="DESKTOP-BHR3PSD" failures="0" tests="2" name="TestNG.TestClassNG" time="42.883" errors="0" timestamp="2023-04-21T20:14:43 IST" skipped="0">
  <testcase classname="TestNG.TestClassNG" name="verifyInsurance" time="21.257"/>
  <system-out/>
  <testcase classname="TestNG.TestClassNG" name="verifyInsurance" time="21.626"/>
  <system-out/>
</testsuite> <!-- TestNG.TestClassNG -->
